<?xml version="1.0" encoding="UTF-8"?>
<testsuite name="com.ncr.test.pyramid.solver.NaivePyramidSolverTest" tests="5" skipped="0" failures="0" errors="0" timestamp="2025-09-26T12:32:19" hostname="JCDCX9GYKM" time="0.004">
  <properties/>
  <testcase name="solverProducesPositiveTotalsForSmallRandomPyramids" classname="com.ncr.test.pyramid.solver.NaivePyramidSolverTest" time="0.002"/>
  <testcase name="solverHandlesDemoData" classname="com.ncr.test.pyramid.solver.NaivePyramidSolverTest" time="0.0"/>
  <testcase name="solverHandlesSingleValuePyramid" classname="com.ncr.test.pyramid.solver.NaivePyramidSolverTest" time="0.0"/>
  <testcase name="solverHandlesRandomData" classname="com.ncr.test.pyramid.solver.NaivePyramidSolverTest" time="0.0"/>
  <testcase name="solverHandlesSampleData" classname="com.ncr.test.pyramid.solver.NaivePyramidSolverTest" time="0.0"/>
  <system-out><![CDATA[]]></system-out>
  <system-err><![CDATA[]]></system-err>
</testsuite>
